Debug log started at 2025-04-20 18:52:38
TEST_MODE: True

[2025-04-20 18:52:38] ===== PROCESSING TIFF: https://image.lva.virginia.gov/LONN/NN-3/288-1/288_0013.tif =====
[2025-04-20 18:52:39] ===== COMPLETED TIFF: https://image.lva.virginia.gov/LONN/NN-3/288-1/288_0013.tif =====

[2025-04-20 18:52:39] ===== PROCESSING TIFF: https://image.lva.virginia.gov/LONN/NN-3/288-1/288_0015.tif =====
[2025-04-20 18:52:39] ===== COMPLETED TIFF: https://image.lva.virginia.gov/LONN/NN-3/288-1/288_0015.tif =====

[2025-04-20 18:52:39] ===== PROCESSING TIFF: https://image.lva.virginia.gov/LONN/NN-3/288-1/288_0016.tif =====
[2025-04-20 18:52:39] ===== COMPLETED TIFF: https://image.lva.virginia.gov/LONN/NN-3/288-1/288_0016.tif =====

[2025-04-20 18:52:39] ===== PROCESSING TIFF: https://image.lva.virginia.gov/LONN/NN-3/288-1/288_0017.tif =====
[2025-04-20 18:52:39] ===== COMPLETED TIFF: https://image.lva.virginia.gov/LONN/NN-3/288-1/288_0017.tif =====

[2025-04-20 18:52:39] ===== PROCESSING TIFF: https://image.lva.virginia.gov/LONN/NN-3/288-1/288_0018.tif =====
[2025-04-20 18:52:39] ===== COMPLETED TIFF: https://image.lva.virginia.gov/LONN/NN-3/288-1/288_0018.tif =====

[2025-04-20 18:52:39] ===== PROCESSING TIFF: https://image.lva.virginia.gov/LONN/NN-3/288-1/288_0064.tif =====
[2025-04-20 18:52:39] ===== COMPLETED TIFF: https://image.lva.virginia.gov/LONN/NN-3/288-1/288_0064.tif =====

[2025-04-20 18:52:39] ===== PROCESSING TIFF: https://image.lva.virginia.gov/LONN/NN-3/288-1/288_0065.tif =====
[2025-04-20 18:52:40] ===== COMPLETED TIFF: https://image.lva.virginia.gov/LONN/NN-3/288-1/288_0065.tif =====

[2025-04-20 18:52:40] ===== PROCESSING TIFF: https://image.lva.virginia.gov/LONN/NN-3/288-1/288_0066.tif =====
[2025-04-20 18:52:40] ===== COMPLETED TIFF: https://image.lva.virginia.gov/LONN/NN-3/288-1/288_0066.tif =====

[2025-04-20 18:52:40] ===== PROCESSING TIFF: https://image.lva.virginia.gov/LONN/NN-3/288-1/288_0067.tif =====
[2025-04-20 18:52:40] ===== COMPLETED TIFF: https://image.lva.virginia.gov/LONN/NN-3/288-1/288_0067.tif =====

[2025-04-20 18:52:40] ===== PROCESSING TIFF: https://image.lva.virginia.gov/LONN/NN-3/288-1/288_0068.tif =====
[2025-04-20 18:52:40] ===== COMPLETED TIFF: https://image.lva.virginia.gov/LONN/NN-3/288-1/288_0068.tif =====

[2025-04-20 18:52:40] ===== PROCESSING TIFF: https://image.lva.virginia.gov/LONN/NN-3/288-2/288_0134.tif =====
[2025-04-20 18:52:40] ===== COMPLETED TIFF: https://image.lva.virginia.gov/LONN/NN-3/288-2/288_0134.tif =====

[2025-04-20 18:52:40] ===== PROCESSING TIFF: https://image.lva.virginia.gov/LONN/NN-3/288-2/288_0135.tif =====
[2025-04-20 18:52:41] ===== COMPLETED TIFF: https://image.lva.virginia.gov/LONN/NN-3/288-2/288_0135.tif =====

[2025-04-20 18:52:41] ===== PROCESSING TIFF: https://image.lva.virginia.gov/LONN/NN-3/288-2/288_0136.tif =====
[2025-04-20 18:52:41] ===== COMPLETED TIFF: https://image.lva.virginia.gov/LONN/NN-3/288-2/288_0136.tif =====

[2025-04-20 18:52:41] ===== PROCESSING TIFF: https://image.lva.virginia.gov/LONN/NN-3/288-2/288_0137.tif =====
[2025-04-20 18:52:41] ===== COMPLETED TIFF: https://image.lva.virginia.gov/LONN/NN-3/288-2/288_0137.tif =====

[2025-04-20 18:52:41] ===== PROCESSING TIFF: https://image.lva.virginia.gov/LONN/NN-3/288-2/288_0138.tif =====
[2025-04-20 18:52:41] ===== COMPLETED TIFF: https://image.lva.virginia.gov/LONN/NN-3/288-2/288_0138.tif =====

[2025-04-20 18:52:41] ===== PROCESSING TIFF: https://image.lva.virginia.gov/LONN/NN-3/288-2/288_0234.tif =====
[2025-04-20 18:52:41] ===== COMPLETED TIFF: https://image.lva.virginia.gov/LONN/NN-3/288-2/288_0234.tif =====

[2025-04-20 18:52:41] ===== PROCESSING TIFF: https://image.lva.virginia.gov/LONN/NN-3/288-2/288_0235.tif =====
[2025-04-20 18:52:41] ===== COMPLETED TIFF: https://image.lva.virginia.gov/LONN/NN-3/288-2/288_0235.tif =====

[2025-04-20 18:52:41] ===== PROCESSING TIFF: https://image.lva.virginia.gov/LONN/NN-3/288-2/288_0236.tif =====
[2025-04-20 18:52:42] ===== COMPLETED TIFF: https://image.lva.virginia.gov/LONN/NN-3/288-2/288_0236.tif =====

[2025-04-20 18:52:42] ===== PROCESSING TIFF: https://image.lva.virginia.gov/LONN/NN-3/288-2/288_0237.tif =====
[2025-04-20 18:52:42] ===== COMPLETED TIFF: https://image.lva.virginia.gov/LONN/NN-3/288-2/288_0237.tif =====

[2025-04-20 18:52:42] ===== PROCESSING TIFF: https://image.lva.virginia.gov/LONN/NN-3/288-2/288_0238.tif =====
[2025-04-20 18:52:42] ===== COMPLETED TIFF: https://image.lva.virginia.gov/LONN/NN-3/288-2/288_0238.tif =====

[2025-04-20 18:52:42] Script completed at 2025-04-20 18:52:42
[2025-04-20 18:52:42] Total runtime: 0h 0m 4s
